<?xml version="1.0" encoding="UTF-8"?>
<testsuite xmlns:xsi="http://www.w3.org/2001/XMLSchema-instance" xsi:noNamespaceSchemaLocation="https://maven.apache.org/surefire/maven-surefire-plugin/xsd/surefire-test-report.xsd" name="com.zp.SpringbootBlogApplicationTests" time="6.315" tests="1" errors="0" skipped="0" failures="0">
  <properties>
    <property name="sun.desktop" value="windows"/>
    <property name="awt.toolkit" value="sun.awt.windows.WToolkit"/>
    <property name="file.encoding.pkg" value="sun.io"/>
    <property name="java.specification.version" value="1.8"/>
    <property name="sun.cpu.isalist" value="pentium_pro+mmx pentium_pro pentium+mmx pentium i486 i386 i86"/>
    <property name="sun.jnu.encoding" value="GBK"/>
    <property name="java.class.path" value="D:\IdeaProjects\springboot_blog\target\test-classes;D:\IdeaProjects\springboot_blog\target\classes;D:\software\idea\MavenRepository\repository\com\atlassian\commonmark\commonmark\0.10.0\commonmark-0.10.0.jar;D:\software\idea\MavenRepository\repository\com\atlassian\commonmark\commonmark-ext-heading-anchor\0.10.0\commonmark-ext-heading-anchor-0.10.0.jar;D:\software\idea\MavenRepository\repository\com\atlassian\commonmark\commonmark-ext-gfm-tables\0.10.0\commonmark-ext-gfm-tables-0.10.0.jar;D:\software\idea\MavenRepository\repository\org\thymeleaf\thymeleaf-spring5\3.0.12.RELEASE\thymeleaf-spring5-3.0.12.RELEASE.jar;D:\software\idea\MavenRepository\repository\org\thymeleaf\thymeleaf\3.0.12.RELEASE\thymeleaf-3.0.12.RELEASE.jar;D:\software\idea\MavenRepository\repository\org\attoparser\attoparser\2.0.5.RELEASE\attoparser-2.0.5.RELEASE.jar;D:\software\idea\MavenRepository\repository\org\unbescape\unbescape\1.1.6.RELEASE\unbescape-1.1.6.RELEASE.jar;D:\software\idea\MavenRepository\repository\org\slf4j\slf4j-api\1.7.30\slf4j-api-1.7.30.jar;D:\software\idea\MavenRepository\repository\org\thymeleaf\extras\thymeleaf-extras-java8time\3.0.4.RELEASE\thymeleaf-extras-java8time-3.0.4.RELEASE.jar;D:\software\idea\MavenRepository\repository\org\hibernate\hibernate-entitymanager\5.4.30.Final\hibernate-entitymanager-5.4.30.Final.jar;D:\software\idea\MavenRepository\repository\org\jboss\logging\jboss-logging\3.4.1.Final\jboss-logging-3.4.1.Final.jar;D:\software\idea\MavenRepository\repository\org\hibernate\hibernate-core\5.4.29.Final\hibernate-core-5.4.29.Final.jar;D:\software\idea\MavenRepository\repository\org\javassist\javassist\3.27.0-GA\javassist-3.27.0-GA.jar;D:\software\idea\MavenRepository\repository\antlr\antlr\2.7.7\antlr-2.7.7.jar;D:\software\idea\MavenRepository\repository\org\jboss\jandex\2.2.3.Final\jandex-2.2.3.Final.jar;D:\software\idea\MavenRepository\repository\com\fasterxml\classmate\1.5.1\classmate-1.5.1.jar;D:\software\idea\MavenRepository\repository\javax\activation\javax.activation-api\1.2.0\javax.activation-api-1.2.0.jar;D:\software\idea\MavenRepository\repository\javax\xml\bind\jaxb-api\2.3.1\jaxb-api-2.3.1.jar;D:\software\idea\MavenRepository\repository\org\glassfish\jaxb\jaxb-runtime\2.3.3\jaxb-runtime-2.3.3.jar;D:\software\idea\MavenRepository\repository\org\glassfish\jaxb\txw2\2.3.3\txw2-2.3.3.jar;D:\software\idea\MavenRepository\repository\com\sun\istack\istack-commons-runtime\3.0.11\istack-commons-runtime-3.0.11.jar;D:\software\idea\MavenRepository\repository\com\sun\activation\jakarta.activation\1.2.2\jakarta.activation-1.2.2.jar;D:\software\idea\MavenRepository\repository\org\dom4j\dom4j\2.1.3\dom4j-2.1.3.jar;D:\software\idea\MavenRepository\repository\org\hibernate\common\hibernate-commons-annotations\5.1.2.Final\hibernate-commons-annotations-5.1.2.Final.jar;D:\software\idea\MavenRepository\repository\javax\persistence\javax.persistence-api\2.2\javax.persistence-api-2.2.jar;D:\software\idea\MavenRepository\repository\net\bytebuddy\byte-buddy\1.10.22\byte-buddy-1.10.22.jar;D:\software\idea\MavenRepository\repository\org\jboss\spec\javax\transaction\jboss-transaction-api_1.2_spec\1.1.1.Final\jboss-transaction-api_1.2_spec-1.1.1.Final.jar;D:\software\idea\MavenRepository\repository\org\springframework\boot\spring-boot-starter-data-jpa\2.4.4\spring-boot-starter-data-jpa-2.4.4.jar;D:\software\idea\MavenRepository\repository\org\springframework\boot\spring-boot-starter-aop\2.4.4\spring-boot-starter-aop-2.4.4.jar;D:\software\idea\MavenRepository\repository\org\springframework\spring-aop\5.3.5\spring-aop-5.3.5.jar;D:\software\idea\MavenRepository\repository\org\aspectj\aspectjweaver\1.9.6\aspectjweaver-1.9.6.jar;D:\software\idea\MavenRepository\repository\org\springframework\boot\spring-boot-starter-jdbc\2.4.4\spring-boot-starter-jdbc-2.4.4.jar;D:\software\idea\MavenRepository\repository\com\zaxxer\HikariCP\3.4.5\HikariCP-3.4.5.jar;D:\software\idea\MavenRepository\repository\org\springframework\spring-jdbc\5.3.5\spring-jdbc-5.3.5.jar;D:\software\idea\MavenRepository\repository\jakarta\transaction\jakarta.transaction-api\1.3.3\jakarta.transaction-api-1.3.3.jar;D:\software\idea\MavenRepository\repository\jakarta\persistence\jakarta.persistence-api\2.2.3\jakarta.persistence-api-2.2.3.jar;D:\software\idea\MavenRepository\repository\org\springframework\data\spring-data-jpa\2.4.6\spring-data-jpa-2.4.6.jar;D:\software\idea\MavenRepository\repository\org\springframework\data\spring-data-commons\2.4.6\spring-data-commons-2.4.6.jar;D:\software\idea\MavenRepository\repository\org\springframework\spring-orm\5.3.5\spring-orm-5.3.5.jar;D:\software\idea\MavenRepository\repository\org\springframework\spring-context\5.3.5\spring-context-5.3.5.jar;D:\software\idea\MavenRepository\repository\org\springframework\spring-tx\5.3.5\spring-tx-5.3.5.jar;D:\software\idea\MavenRepository\repository\org\springframework\spring-beans\5.3.5\spring-beans-5.3.5.jar;D:\software\idea\MavenRepository\repository\org\springframework\spring-aspects\5.3.5\spring-aspects-5.3.5.jar;D:\software\idea\MavenRepository\repository\org\springframework\boot\spring-boot-starter-thymeleaf\2.4.4\spring-boot-starter-thymeleaf-2.4.4.jar;D:\software\idea\MavenRepository\repository\org\springframework\boot\spring-boot-starter\2.4.4\spring-boot-starter-2.4.4.jar;D:\software\idea\MavenRepository\repository\org\springframework\boot\spring-boot-starter-logging\2.4.4\spring-boot-starter-logging-2.4.4.jar;D:\software\idea\MavenRepository\repository\ch\qos\logback\logback-classic\1.2.3\logback-classic-1.2.3.jar;D:\software\idea\MavenRepository\repository\ch\qos\logback\logback-core\1.2.3\logback-core-1.2.3.jar;D:\software\idea\MavenRepository\repository\org\apache\logging\log4j\log4j-to-slf4j\2.13.3\log4j-to-slf4j-2.13.3.jar;D:\software\idea\MavenRepository\repository\org\apache\logging\log4j\log4j-api\2.13.3\log4j-api-2.13.3.jar;D:\software\idea\MavenRepository\repository\org\slf4j\jul-to-slf4j\1.7.30\jul-to-slf4j-1.7.30.jar;D:\software\idea\MavenRepository\repository\jakarta\annotation\jakarta.annotation-api\1.3.5\jakarta.annotation-api-1.3.5.jar;D:\software\idea\MavenRepository\repository\org\yaml\snakeyaml\1.27\snakeyaml-1.27.jar;D:\software\idea\MavenRepository\repository\org\springframework\boot\spring-boot-starter-web\2.4.4\spring-boot-starter-web-2.4.4.jar;D:\software\idea\MavenRepository\repository\org\springframework\boot\spring-boot-starter-json\2.4.4\spring-boot-starter-json-2.4.4.jar;D:\software\idea\MavenRepository\repository\com\fasterxml\jackson\core\jackson-databind\2.11.4\jackson-databind-2.11.4.jar;D:\software\idea\MavenRepository\repository\com\fasterxml\jackson\core\jackson-annotations\2.11.4\jackson-annotations-2.11.4.jar;D:\software\idea\MavenRepository\repository\com\fasterxml\jackson\core\jackson-core\2.11.4\jackson-core-2.11.4.jar;D:\software\idea\MavenRepository\repository\com\fasterxml\jackson\datatype\jackson-datatype-jdk8\2.11.4\jackson-datatype-jdk8-2.11.4.jar;D:\software\idea\MavenRepository\repository\com\fasterxml\jackson\datatype\jackson-datatype-jsr310\2.11.4\jackson-datatype-jsr310-2.11.4.jar;D:\software\idea\MavenRepository\repository\com\fasterxml\jackson\module\jackson-module-parameter-names\2.11.4\jackson-module-parameter-names-2.11.4.jar;D:\software\idea\MavenRepository\repository\org\springframework\boot\spring-boot-starter-tomcat\2.4.4\spring-boot-starter-tomcat-2.4.4.jar;D:\software\idea\MavenRepository\repository\org\apache\tomcat\embed\tomcat-embed-core\9.0.44\tomcat-embed-core-9.0.44.jar;D:\software\idea\MavenRepository\repository\org\glassfish\jakarta.el\3.0.3\jakarta.el-3.0.3.jar;D:\software\idea\MavenRepository\repository\org\apache\tomcat\embed\tomcat-embed-websocket\9.0.44\tomcat-embed-websocket-9.0.44.jar;D:\software\idea\MavenRepository\repository\org\springframework\spring-web\5.3.5\spring-web-5.3.5.jar;D:\software\idea\MavenRepository\repository\org\springframework\spring-webmvc\5.3.5\spring-webmvc-5.3.5.jar;D:\software\idea\MavenRepository\repository\org\springframework\spring-expression\5.3.5\spring-expression-5.3.5.jar;D:\software\idea\MavenRepository\repository\org\springframework\boot\spring-boot-devtools\2.4.4\spring-boot-devtools-2.4.4.jar;D:\software\idea\MavenRepository\repository\org\springframework\boot\spring-boot\2.4.4\spring-boot-2.4.4.jar;D:\software\idea\MavenRepository\repository\org\springframework\boot\spring-boot-autoconfigure\2.4.4\spring-boot-autoconfigure-2.4.4.jar;D:\software\idea\MavenRepository\repository\mysql\mysql-connector-java\8.0.23\mysql-connector-java-8.0.23.jar;D:\software\idea\MavenRepository\repository\org\projectlombok\lombok\1.18.18\lombok-1.18.18.jar;D:\software\idea\MavenRepository\repository\org\springframework\boot\spring-boot-starter-test\2.4.4\spring-boot-starter-test-2.4.4.jar;D:\software\idea\MavenRepository\repository\org\springframework\boot\spring-boot-test\2.4.4\spring-boot-test-2.4.4.jar;D:\software\idea\MavenRepository\repository\org\springframework\boot\spring-boot-test-autoconfigure\2.4.4\spring-boot-test-autoconfigure-2.4.4.jar;D:\software\idea\MavenRepository\repository\com\jayway\jsonpath\json-path\2.4.0\json-path-2.4.0.jar;D:\software\idea\MavenRepository\repository\net\minidev\json-smart\2.3\json-smart-2.3.jar;D:\software\idea\MavenRepository\repository\net\minidev\accessors-smart\1.2\accessors-smart-1.2.jar;D:\software\idea\MavenRepository\repository\org\ow2\asm\asm\5.0.4\asm-5.0.4.jar;D:\software\idea\MavenRepository\repository\jakarta\xml\bind\jakarta.xml.bind-api\2.3.3\jakarta.xml.bind-api-2.3.3.jar;D:\software\idea\MavenRepository\repository\jakarta\activation\jakarta.activation-api\1.2.2\jakarta.activation-api-1.2.2.jar;D:\software\idea\MavenRepository\repository\org\assertj\assertj-core\3.18.1\assertj-core-3.18.1.jar;D:\software\idea\MavenRepository\repository\org\hamcrest\hamcrest\2.2\hamcrest-2.2.jar;D:\software\idea\MavenRepository\repository\org\junit\jupiter\junit-jupiter\5.7.1\junit-jupiter-5.7.1.jar;D:\software\idea\MavenRepository\repository\org\junit\jupiter\junit-jupiter-api\5.7.1\junit-jupiter-api-5.7.1.jar;D:\software\idea\MavenRepository\repository\org\apiguardian\apiguardian-api\1.1.0\apiguardian-api-1.1.0.jar;D:\software\idea\MavenRepository\repository\org\opentest4j\opentest4j\1.2.0\opentest4j-1.2.0.jar;D:\software\idea\MavenRepository\repository\org\junit\platform\junit-platform-commons\1.7.1\junit-platform-commons-1.7.1.jar;D:\software\idea\MavenRepository\repository\org\junit\jupiter\junit-jupiter-params\5.7.1\junit-jupiter-params-5.7.1.jar;D:\software\idea\MavenRepository\repository\org\junit\jupiter\junit-jupiter-engine\5.7.1\junit-jupiter-engine-5.7.1.jar;D:\software\idea\MavenRepository\repository\org\junit\platform\junit-platform-engine\1.7.1\junit-platform-engine-1.7.1.jar;D:\software\idea\MavenRepository\repository\org\mockito\mockito-core\3.6.28\mockito-core-3.6.28.jar;D:\software\idea\MavenRepository\repository\net\bytebuddy\byte-buddy-agent\1.10.22\byte-buddy-agent-1.10.22.jar;D:\software\idea\MavenRepository\repository\org\objenesis\objenesis\3.1\objenesis-3.1.jar;D:\software\idea\MavenRepository\repository\org\mockito\mockito-junit-jupiter\3.6.28\mockito-junit-jupiter-3.6.28.jar;D:\software\idea\MavenRepository\repository\org\skyscreamer\jsonassert\1.5.0\jsonassert-1.5.0.jar;D:\software\idea\MavenRepository\repository\com\vaadin\external\google\android-json\0.0.20131108.vaadin1\android-json-0.0.20131108.vaadin1.jar;D:\software\idea\MavenRepository\repository\org\springframework\spring-core\5.3.5\spring-core-5.3.5.jar;D:\software\idea\MavenRepository\repository\org\springframework\spring-jcl\5.3.5\spring-jcl-5.3.5.jar;D:\software\idea\MavenRepository\repository\org\springframework\spring-test\5.3.5\spring-test-5.3.5.jar;D:\software\idea\MavenRepository\repository\org\xmlunit\xmlunit-core\2.7.0\xmlunit-core-2.7.0.jar;D:\software\idea\MavenRepository\repository\javax\validation\validation-api\2.0.1.Final\validation-api-2.0.1.Final.jar;"/>
    <property name="java.vm.vendor" value="Oracle Corporation"/>
    <property name="sun.arch.data.model" value="32"/>
    <property name="user.variant" value=""/>
    <property name="java.vendor.url" value="http://java.oracle.com/"/>
    <property name="user.timezone" value="Asia/Shanghai"/>
    <property name="java.vm.specification.version" value="1.8"/>
    <property name="os.name" value="Windows 10"/>
    <property name="user.country" value="CN"/>
    <property name="sun.java.launcher" value="SUN_STANDARD"/>
    <property name="sun.boot.library.path" value="C:\Program Files (x86)\Java\jdk1.8.0_131\jre\bin"/>
    <property name="sun.java.command" value="C:\Users\zp\AppData\Local\Temp\surefire8880065910269900714\surefirebooter2735590254770657705.jar C:\Users\zp\AppData\Local\Temp\surefire8880065910269900714 2021-05-05T12-56-37_845-jvmRun1 surefire3000853251505230659tmp surefire_03506000590371555903tmp"/>
    <property name="surefire.test.class.path" value="D:\IdeaProjects\springboot_blog\target\test-classes;D:\IdeaProjects\springboot_blog\target\classes;D:\software\idea\MavenRepository\repository\com\atlassian\commonmark\commonmark\0.10.0\commonmark-0.10.0.jar;D:\software\idea\MavenRepository\repository\com\atlassian\commonmark\commonmark-ext-heading-anchor\0.10.0\commonmark-ext-heading-anchor-0.10.0.jar;D:\software\idea\MavenRepository\repository\com\atlassian\commonmark\commonmark-ext-gfm-tables\0.10.0\commonmark-ext-gfm-tables-0.10.0.jar;D:\software\idea\MavenRepository\repository\org\thymeleaf\thymeleaf-spring5\3.0.12.RELEASE\thymeleaf-spring5-3.0.12.RELEASE.jar;D:\software\idea\MavenRepository\repository\org\thymeleaf\thymeleaf\3.0.12.RELEASE\thymeleaf-3.0.12.RELEASE.jar;D:\software\idea\MavenRepository\repository\org\attoparser\attoparser\2.0.5.RELEASE\attoparser-2.0.5.RELEASE.jar;D:\software\idea\MavenRepository\repository\org\unbescape\unbescape\1.1.6.RELEASE\unbescape-1.1.6.RELEASE.jar;D:\software\idea\MavenRepository\repository\org\slf4j\slf4j-api\1.7.30\slf4j-api-1.7.30.jar;D:\software\idea\MavenRepository\repository\org\thymeleaf\extras\thymeleaf-extras-java8time\3.0.4.RELEASE\thymeleaf-extras-java8time-3.0.4.RELEASE.jar;D:\software\idea\MavenRepository\repository\org\hibernate\hibernate-entitymanager\5.4.30.Final\hibernate-entitymanager-5.4.30.Final.jar;D:\software\idea\MavenRepository\repository\org\jboss\logging\jboss-logging\3.4.1.Final\jboss-logging-3.4.1.Final.jar;D:\software\idea\MavenRepository\repository\org\hibernate\hibernate-core\5.4.29.Final\hibernate-core-5.4.29.Final.jar;D:\software\idea\MavenRepository\repository\org\javassist\javassist\3.27.0-GA\javassist-3.27.0-GA.jar;D:\software\idea\MavenRepository\repository\antlr\antlr\2.7.7\antlr-2.7.7.jar;D:\software\idea\MavenRepository\repository\org\jboss\jandex\2.2.3.Final\jandex-2.2.3.Final.jar;D:\software\idea\MavenRepository\repository\com\fasterxml\classmate\1.5.1\classmate-1.5.1.jar;D:\software\idea\MavenRepository\repository\javax\activation\javax.activation-api\1.2.0\javax.activation-api-1.2.0.jar;D:\software\idea\MavenRepository\repository\javax\xml\bind\jaxb-api\2.3.1\jaxb-api-2.3.1.jar;D:\software\idea\MavenRepository\repository\org\glassfish\jaxb\jaxb-runtime\2.3.3\jaxb-runtime-2.3.3.jar;D:\software\idea\MavenRepository\repository\org\glassfish\jaxb\txw2\2.3.3\txw2-2.3.3.jar;D:\software\idea\MavenRepository\repository\com\sun\istack\istack-commons-runtime\3.0.11\istack-commons-runtime-3.0.11.jar;D:\software\idea\MavenRepository\repository\com\sun\activation\jakarta.activation\1.2.2\jakarta.activation-1.2.2.jar;D:\software\idea\MavenRepository\repository\org\dom4j\dom4j\2.1.3\dom4j-2.1.3.jar;D:\software\idea\MavenRepository\repository\org\hibernate\common\hibernate-commons-annotations\5.1.2.Final\hibernate-commons-annotations-5.1.2.Final.jar;D:\software\idea\MavenRepository\repository\javax\persistence\javax.persistence-api\2.2\javax.persistence-api-2.2.jar;D:\software\idea\MavenRepository\repository\net\bytebuddy\byte-buddy\1.10.22\byte-buddy-1.10.22.jar;D:\software\idea\MavenRepository\repository\org\jboss\spec\javax\transaction\jboss-transaction-api_1.2_spec\1.1.1.Final\jboss-transaction-api_1.2_spec-1.1.1.Final.jar;D:\software\idea\MavenRepository\repository\org\springframework\boot\spring-boot-starter-data-jpa\2.4.4\spring-boot-starter-data-jpa-2.4.4.jar;D:\software\idea\MavenRepository\repository\org\springframework\boot\spring-boot-starter-aop\2.4.4\spring-boot-starter-aop-2.4.4.jar;D:\software\idea\MavenRepository\repository\org\springframework\spring-aop\5.3.5\spring-aop-5.3.5.jar;D:\software\idea\MavenRepository\repository\org\aspectj\aspectjweaver\1.9.6\aspectjweaver-1.9.6.jar;D:\software\idea\MavenRepository\repository\org\springframework\boot\spring-boot-starter-jdbc\2.4.4\spring-boot-starter-jdbc-2.4.4.jar;D:\software\idea\MavenRepository\repository\com\zaxxer\HikariCP\3.4.5\HikariCP-3.4.5.jar;D:\software\idea\MavenRepository\repository\org\springframework\spring-jdbc\5.3.5\spring-jdbc-5.3.5.jar;D:\software\idea\MavenRepository\repository\jakarta\transaction\jakarta.transaction-api\1.3.3\jakarta.transaction-api-1.3.3.jar;D:\software\idea\MavenRepository\repository\jakarta\persistence\jakarta.persistence-api\2.2.3\jakarta.persistence-api-2.2.3.jar;D:\software\idea\MavenRepository\repository\org\springframework\data\spring-data-jpa\2.4.6\spring-data-jpa-2.4.6.jar;D:\software\idea\MavenRepository\repository\org\springframework\data\spring-data-commons\2.4.6\spring-data-commons-2.4.6.jar;D:\software\idea\MavenRepository\repository\org\springframework\spring-orm\5.3.5\spring-orm-5.3.5.jar;D:\software\idea\MavenRepository\repository\org\springframework\spring-context\5.3.5\spring-context-5.3.5.jar;D:\software\idea\MavenRepository\repository\org\springframework\spring-tx\5.3.5\spring-tx-5.3.5.jar;D:\software\idea\MavenRepository\repository\org\springframework\spring-beans\5.3.5\spring-beans-5.3.5.jar;D:\software\idea\MavenRepository\repository\org\springframework\spring-aspects\5.3.5\spring-aspects-5.3.5.jar;D:\software\idea\MavenRepository\repository\org\springframework\boot\spring-boot-starter-thymeleaf\2.4.4\spring-boot-starter-thymeleaf-2.4.4.jar;D:\software\idea\MavenRepository\repository\org\springframework\boot\spring-boot-starter\2.4.4\spring-boot-starter-2.4.4.jar;D:\software\idea\MavenRepository\repository\org\springframework\boot\spring-boot-starter-logging\2.4.4\spring-boot-starter-logging-2.4.4.jar;D:\software\idea\MavenRepository\repository\ch\qos\logback\logback-classic\1.2.3\logback-classic-1.2.3.jar;D:\software\idea\MavenRepository\repository\ch\qos\logback\logback-core\1.2.3\logback-core-1.2.3.jar;D:\software\idea\MavenRepository\repository\org\apache\logging\log4j\log4j-to-slf4j\2.13.3\log4j-to-slf4j-2.13.3.jar;D:\software\idea\MavenRepository\repository\org\apache\logging\log4j\log4j-api\2.13.3\log4j-api-2.13.3.jar;D:\software\idea\MavenRepository\repository\org\slf4j\jul-to-slf4j\1.7.30\jul-to-slf4j-1.7.30.jar;D:\software\idea\MavenRepository\repository\jakarta\annotation\jakarta.annotation-api\1.3.5\jakarta.annotation-api-1.3.5.jar;D:\software\idea\MavenRepository\repository\org\yaml\snakeyaml\1.27\snakeyaml-1.27.jar;D:\software\idea\MavenRepository\repository\org\springframework\boot\spring-boot-starter-web\2.4.4\spring-boot-starter-web-2.4.4.jar;D:\software\idea\MavenRepository\repository\org\springframework\boot\spring-boot-starter-json\2.4.4\spring-boot-starter-json-2.4.4.jar;D:\software\idea\MavenRepository\repository\com\fasterxml\jackson\core\jackson-databind\2.11.4\jackson-databind-2.11.4.jar;D:\software\idea\MavenRepository\repository\com\fasterxml\jackson\core\jackson-annotations\2.11.4\jackson-annotations-2.11.4.jar;D:\software\idea\MavenRepository\repository\com\fasterxml\jackson\core\jackson-core\2.11.4\jackson-core-2.11.4.jar;D:\software\idea\MavenRepository\repository\com\fasterxml\jackson\datatype\jackson-datatype-jdk8\2.11.4\jackson-datatype-jdk8-2.11.4.jar;D:\software\idea\MavenRepository\repository\com\fasterxml\jackson\datatype\jackson-datatype-jsr310\2.11.4\jackson-datatype-jsr310-2.11.4.jar;D:\software\idea\MavenRepository\repository\com\fasterxml\jackson\module\jackson-module-parameter-names\2.11.4\jackson-module-parameter-names-2.11.4.jar;D:\software\idea\MavenRepository\repository\org\springframework\boot\spring-boot-starter-tomcat\2.4.4\spring-boot-starter-tomcat-2.4.4.jar;D:\software\idea\MavenRepository\repository\org\apache\tomcat\embed\tomcat-embed-core\9.0.44\tomcat-embed-core-9.0.44.jar;D:\software\idea\MavenRepository\repository\org\glassfish\jakarta.el\3.0.3\jakarta.el-3.0.3.jar;D:\software\idea\MavenRepository\repository\org\apache\tomcat\embed\tomcat-embed-websocket\9.0.44\tomcat-embed-websocket-9.0.44.jar;D:\software\idea\MavenRepository\repository\org\springframework\spring-web\5.3.5\spring-web-5.3.5.jar;D:\software\idea\MavenRepository\repository\org\springframework\spring-webmvc\5.3.5\spring-webmvc-5.3.5.jar;D:\software\idea\MavenRepository\repository\org\springframework\spring-expression\5.3.5\spring-expression-5.3.5.jar;D:\software\idea\MavenRepository\repository\org\springframework\boot\spring-boot-devtools\2.4.4\spring-boot-devtools-2.4.4.jar;D:\software\idea\MavenRepository\repository\org\springframework\boot\spring-boot\2.4.4\spring-boot-2.4.4.jar;D:\software\idea\MavenRepository\repository\org\springframework\boot\spring-boot-autoconfigure\2.4.4\spring-boot-autoconfigure-2.4.4.jar;D:\software\idea\MavenRepository\repository\mysql\mysql-connector-java\8.0.23\mysql-connector-java-8.0.23.jar;D:\software\idea\MavenRepository\repository\org\projectlombok\lombok\1.18.18\lombok-1.18.18.jar;D:\software\idea\MavenRepository\repository\org\springframework\boot\spring-boot-starter-test\2.4.4\spring-boot-starter-test-2.4.4.jar;D:\software\idea\MavenRepository\repository\org\springframework\boot\spring-boot-test\2.4.4\spring-boot-test-2.4.4.jar;D:\software\idea\MavenRepository\repository\org\springframework\boot\spring-boot-test-autoconfigure\2.4.4\spring-boot-test-autoconfigure-2.4.4.jar;D:\software\idea\MavenRepository\repository\com\jayway\jsonpath\json-path\2.4.0\json-path-2.4.0.jar;D:\software\idea\MavenRepository\repository\net\minidev\json-smart\2.3\json-smart-2.3.jar;D:\software\idea\MavenRepository\repository\net\minidev\accessors-smart\1.2\accessors-smart-1.2.jar;D:\software\idea\MavenRepository\repository\org\ow2\asm\asm\5.0.4\asm-5.0.4.jar;D:\software\idea\MavenRepository\repository\jakarta\xml\bind\jakarta.xml.bind-api\2.3.3\jakarta.xml.bind-api-2.3.3.jar;D:\software\idea\MavenRepository\repository\jakarta\activation\jakarta.activation-api\1.2.2\jakarta.activation-api-1.2.2.jar;D:\software\idea\MavenRepository\repository\org\assertj\assertj-core\3.18.1\assertj-core-3.18.1.jar;D:\software\idea\MavenRepository\repository\org\hamcrest\hamcrest\2.2\hamcrest-2.2.jar;D:\software\idea\MavenRepository\repository\org\junit\jupiter\junit-jupiter\5.7.1\junit-jupiter-5.7.1.jar;D:\software\idea\MavenRepository\repository\org\junit\jupiter\junit-jupiter-api\5.7.1\junit-jupiter-api-5.7.1.jar;D:\software\idea\MavenRepository\repository\org\apiguardian\apiguardian-api\1.1.0\apiguardian-api-1.1.0.jar;D:\software\idea\MavenRepository\repository\org\opentest4j\opentest4j\1.2.0\opentest4j-1.2.0.jar;D:\software\idea\MavenRepository\repository\org\junit\platform\junit-platform-commons\1.7.1\junit-platform-commons-1.7.1.jar;D:\software\idea\MavenRepository\repository\org\junit\jupiter\junit-jupiter-params\5.7.1\junit-jupiter-params-5.7.1.jar;D:\software\idea\MavenRepository\repository\org\junit\jupiter\junit-jupiter-engine\5.7.1\junit-jupiter-engine-5.7.1.jar;D:\software\idea\MavenRepository\repository\org\junit\platform\junit-platform-engine\1.7.1\junit-platform-engine-1.7.1.jar;D:\software\idea\MavenRepository\repository\org\mockito\mockito-core\3.6.28\mockito-core-3.6.28.jar;D:\software\idea\MavenRepository\repository\net\bytebuddy\byte-buddy-agent\1.10.22\byte-buddy-agent-1.10.22.jar;D:\software\idea\MavenRepository\repository\org\objenesis\objenesis\3.1\objenesis-3.1.jar;D:\software\idea\MavenRepository\repository\org\mockito\mockito-junit-jupiter\3.6.28\mockito-junit-jupiter-3.6.28.jar;D:\software\idea\MavenRepository\repository\org\skyscreamer\jsonassert\1.5.0\jsonassert-1.5.0.jar;D:\software\idea\MavenRepository\repository\com\vaadin\external\google\android-json\0.0.20131108.vaadin1\android-json-0.0.20131108.vaadin1.jar;D:\software\idea\MavenRepository\repository\org\springframework\spring-core\5.3.5\spring-core-5.3.5.jar;D:\software\idea\MavenRepository\repository\org\springframework\spring-jcl\5.3.5\spring-jcl-5.3.5.jar;D:\software\idea\MavenRepository\repository\org\springframework\spring-test\5.3.5\spring-test-5.3.5.jar;D:\software\idea\MavenRepository\repository\org\xmlunit\xmlunit-core\2.7.0\xmlunit-core-2.7.0.jar;D:\software\idea\MavenRepository\repository\javax\validation\validation-api\2.0.1.Final\validation-api-2.0.1.Final.jar;"/>
    <property name="sun.cpu.endian" value="little"/>
    <property name="user.home" value="C:\Users\zp"/>
    <property name="user.language" value="zh"/>
    <property name="java.specification.vendor" value="Oracle Corporation"/>
    <property name="java.home" value="C:\Program Files (x86)\Java\jdk1.8.0_131\jre"/>
    <property name="basedir" value="D:\IdeaProjects\springboot_blog"/>
    <property name="file.separator" value="\"/>
    <property name="line.separator" value="&#10;"/>
    <property name="java.vm.specification.vendor" value="Oracle Corporation"/>
    <property name="java.specification.name" value="Java Platform API Specification"/>
    <property name="java.awt.graphicsenv" value="sun.awt.Win32GraphicsEnvironment"/>
    <property name="surefire.real.class.path" value="C:\Users\zp\AppData\Local\Temp\surefire8880065910269900714\surefirebooter2735590254770657705.jar"/>
    <property name="sun.boot.class.path" value="C:\Program Files (x86)\Java\jdk1.8.0_131\jre\lib\resources.jar;C:\Program Files (x86)\Java\jdk1.8.0_131\jre\lib\rt.jar;C:\Program Files (x86)\Java\jdk1.8.0_131\jre\lib\sunrsasign.jar;C:\Program Files (x86)\Java\jdk1.8.0_131\jre\lib\jsse.jar;C:\Program Files (x86)\Java\jdk1.8.0_131\jre\lib\jce.jar;C:\Program Files (x86)\Java\jdk1.8.0_131\jre\lib\charsets.jar;C:\Program Files (x86)\Java\jdk1.8.0_131\jre\lib\jfr.jar;C:\Program Files (x86)\Java\jdk1.8.0_131\jre\classes"/>
    <property name="user.script" value=""/>
    <property name="sun.management.compiler" value="HotSpot Client Compiler"/>
    <property name="java.runtime.version" value="1.8.0_131-b11"/>
    <property name="user.name" value="zp"/>
    <property name="path.separator" value=";"/>
    <property name="os.version" value="10.0"/>
    <property name="java.endorsed.dirs" value="C:\Program Files (x86)\Java\jdk1.8.0_131\jre\lib\endorsed"/>
    <property name="java.runtime.name" value="Java(TM) SE Runtime Environment"/>
    <property name="file.encoding" value="GBK"/>
    <property name="java.vm.name" value="Java HotSpot(TM) Client VM"/>
    <property name="localRepository" value="D:\software\idea\MavenRepository\repository"/>
    <property name="java.vendor.url.bug" value="http://bugreport.sun.com/bugreport/"/>
    <property name="java.io.tmpdir" value="C:\Users\zp\AppData\Local\Temp\"/>
    <property name="idea.version" value="2018.1.4"/>
    <property name="java.version" value="1.8.0_131"/>
    <property name="user.dir" value="D:\IdeaProjects\springboot_blog"/>
    <property name="os.arch" value="x86"/>
    <property name="java.vm.specification.name" value="Java Virtual Machine Specification"/>
    <property name="java.awt.printerjob" value="sun.awt.windows.WPrinterJob"/>
    <property name="sun.os.patch.level" value=""/>
    <property name="java.library.path" value="C:\Program Files (x86)\Java\jdk1.8.0_131\jre\bin;C:\WINDOWS\Sun\Java\bin;C:\WINDOWS\system32;C:\WINDOWS;C:\ProgramData\Oracle\Java\javapath;C:\Program Files (x86)\Intel\Intel(R) Management Engine Components\iCLS\;C:\Program Files\Intel\Intel(R) Management Engine Components\iCLS\;C:\Windows\system32;C:\Windows;C:\Windows\System32\Wbem;C:\Windows\System32\WindowsPowerShell\v1.0\;C:\Windows\System32\OpenSSH\;C:\Program Files (x86)\Intel\Intel(R) Management Engine Components\DAL;C:\Program Files\Intel\Intel(R) Management Engine Components\DAL;C:\Program Files (x86)\Intel\Intel(R) Management Engine Components\IPT;C:\Program Files\Intel\Intel(R) Management Engine Components\IPT;C:\Program Files (x86)\NVIDIA Corporation\PhysX\Common;C:\WINDOWS\system32;C:\WINDOWS;C:\WINDOWS\System32\Wbem;C:\WINDOWS\System32\WindowsPowerShell\v1.0\;C:\WINDOWS\System32\OpenSSH\;&quot;.;C:\Program Files (x86)\Java\jdk1.8.0_131\bin;C:\Program Files (x86)\Java\jdk1.8.0_131\jre\bin;&quot;;D:\software\idea\apache-maven-3.5.2-bin\apache-maven-3.5.2\bin;D:\software\Mysql2\MySQL Utilities 1.4.3\;D:\software\Mysql2\MySQL Utilities 1.4.3\Doctrine extensions for PHP\;D:\Studio\redis;D:\Studio\git\Git\cmd;D:\Studio\node\;D:\enviroment\xshell\;C:\Users\zp\AppData\Local\Microsoft\WindowsApps;C:\Users\zp\AppData\Roaming\npm;."/>
    <property name="java.vm.info" value="mixed mode"/>
    <property name="java.vendor" value="Oracle Corporation"/>
    <property name="java.vm.version" value="25.131-b11"/>
    <property name="java.ext.dirs" value="C:\Program Files (x86)\Java\jdk1.8.0_131\jre\lib\ext;C:\WINDOWS\Sun\Java\lib\ext"/>
    <property name="sun.io.unicode.encoding" value="UnicodeLittle"/>
    <property name="maven.repo.local" value="D:\software\idea\MavenRepository\repository"/>
    <property name="java.class.version" value="52.0"/>
  </properties>
  <testcase name="contextLoads" classname="com.zp.SpringbootBlogApplicationTests" time="0.105"/>
</testsuite>